Array
(
    [partnerCode] => MOMOBKUN20180529
    [orderId] => ORD_32890
    [requestId] => 1733823365
    [amount] => 700000
    [responseTime] => 1733823381061
    [message] => Thành công.
    [resultCode] => 0
    [payUrl] => https://test-payment.momo.vn/v2/gateway/pay?s=3741c22955b52ba347a1fba065f51142bda9e5431d97f86f3feb4d1b7ad95368&t=TU9NT0JLVU4yMDE4MDUyOXxPUkRfMzI4OTA
    [signature] => 5cab29a09e3073492353eccca9e0dd764497640a25a8b4be77b1f817757b6d05
)
Array
(
    [partnerCode] => MOMOBKUN20180529
    [orderId] => ORD_33657
    [requestId] => 1733823833
    [amount] => 2000000
    [responseTime] => 1733823849836
    [message] => Thành công.
    [resultCode] => 0
    [payUrl] => https://test-payment.momo.vn/v2/gateway/pay?s=709db917c59edefce89b208595c578f7d57e6731248d4fa33770cd89ff240eb0&t=TU9NT0JLVU4yMDE4MDUyOXxPUkRfMzM2NTc
    [signature] => 8d22f35a39dbede8dad019b8cf4d725eaa299397d5e76bed149592c6e10f35c1
)
ResultCode: 0
Array
(
    [partnerCode] => MOMOBKUN20180529
    [orderId] => ORD_36354
    [requestId] => 1733824056
    [amount] => 3500000
    [responseTime] => 1733824072279
    [message] => Thành công.
    [resultCode] => 0
    [payUrl] => https://test-payment.momo.vn/v2/gateway/pay?s=92d0d7c77c220c2ea757c31dc0bff4845afa8542e105a7d870e9529f0928ddd1&t=TU9NT0JLVU4yMDE4MDUyOXxPUkRfMzYzNTQ
    [signature] => c2367d7fa03267894ddbea164ff77f323b72f252aedd324276bac8a71b16cf3f
)
Array
(
    [partnerCode] => MOMOBKUN20180529
    [orderId] => ORD_38082
    [requestId] => 1733824272
    [amount] => 2900000
    [responseTime] => 1733824288209
    [message] => Thành công.
    [resultCode] => 0
    [payUrl] => https://test-payment.momo.vn/v2/gateway/pay?s=b02113836424342d19b3366d13a9fe06c41838096b0409cda50f461a9419fef4&t=TU9NT0JLVU4yMDE4MDUyOXxPUkRfMzgwODI
    [signature] => 2a6b6f9b23326e40cfb41f2926115b26d6bd7881b0226a235df5e699e792fb14
)
Array
(
    [partnerCode] => MOMOBKUN20180529
    [orderId] => ORD_33772
    [requestId] => 1733824340
    [amount] => 2900000
    [responseTime] => 1733824358025
    [message] => Thành công.
    [resultCode] => 0
    [payUrl] => https://test-payment.momo.vn/v2/gateway/pay?s=653c1ad7e4c4e1f9d07ec2c2c074fe99240a10e736f9c1880d84c1db3780ed4b&t=TU9NT0JLVU4yMDE4MDUyOXxPUkRfMzM3NzI
    [signature] => a0f0155f8e7186e60fb3e24eafd2b7283d462a3c6e89a3a81932416e0c0296ab
)
